2025-03-18 16:35:14,855 - INFO - 正在载入 CPU 训练的模型...
2025-03-18 16:35:30,939 - INFO - -----------------------------------------------------
2025-03-18 16:35:30,939 - INFO - 扰动强度 epsilon = 0.000
2025-03-18 16:35:30,940 - INFO - 真实样本识别准确率: 9899/10000 (98.99%)
2025-03-18 16:35:30,940 - INFO - 对抗样本识别准确率: 9899/10000 (98.99%)
2025-03-18 16:35:30,940 - INFO - -----------------------------------------------------
2025-03-18 16:35:45,776 - INFO - -----------------------------------------------------
2025-03-18 16:35:45,777 - INFO - 扰动强度 epsilon = 0.050
2025-03-18 16:35:45,777 - INFO - 真实样本识别准确率: 9899/10000 (98.99%)
2025-03-18 16:35:45,777 - INFO - 对抗样本识别准确率: 9305/10000 (93.05%)
2025-03-18 16:35:45,777 - INFO - -----------------------------------------------------
2025-03-18 16:36:00,564 - INFO - -----------------------------------------------------
2025-03-18 16:36:00,564 - INFO - 扰动强度 epsilon = 0.100
2025-03-18 16:36:00,564 - INFO - 真实样本识别准确率: 9899/10000 (98.99%)
2025-03-18 16:36:00,564 - INFO - 对抗样本识别准确率: 6728/10000 (67.28%)
2025-03-18 16:36:00,564 - INFO - -----------------------------------------------------
2025-03-18 16:36:15,286 - INFO - -----------------------------------------------------
2025-03-18 16:36:15,286 - INFO - 扰动强度 epsilon = 0.150
2025-03-18 16:36:15,286 - INFO - 真实样本识别准确率: 9899/10000 (98.99%)
2025-03-18 16:36:15,286 - INFO - 对抗样本识别准确率: 2493/10000 (24.93%)
2025-03-18 16:36:15,286 - INFO - -----------------------------------------------------
2025-03-18 16:36:29,979 - INFO - -----------------------------------------------------
2025-03-18 16:36:29,980 - INFO - 扰动强度 epsilon = 0.200
2025-03-18 16:36:29,980 - INFO - 真实样本识别准确率: 9899/10000 (98.99%)
2025-03-18 16:36:29,980 - INFO - 对抗样本识别准确率: 545/10000 (5.45%)
2025-03-18 16:36:29,980 - INFO - -----------------------------------------------------
2025-03-18 16:36:45,491 - INFO - -----------------------------------------------------
2025-03-18 16:36:45,491 - INFO - 扰动强度 epsilon = 0.250
2025-03-18 16:36:45,491 - INFO - 真实样本识别准确率: 9899/10000 (98.99%)
2025-03-18 16:36:45,491 - INFO - 对抗样本识别准确率: 108/10000 (1.08%)
2025-03-18 16:36:45,491 - INFO - -----------------------------------------------------
2025-03-18 16:37:00,693 - INFO - -----------------------------------------------------
2025-03-18 16:37:00,693 - INFO - 扰动强度 epsilon = 0.300
2025-03-18 16:37:00,693 - INFO - 真实样本识别准确率: 9899/10000 (98.99%)
2025-03-18 16:37:00,693 - INFO - 对抗样本识别准确率: 27/10000 (0.27%)
2025-03-18 16:37:00,693 - INFO - -----------------------------------------------------
2025-03-18 16:37:15,452 - INFO - -----------------------------------------------------
2025-03-18 16:37:15,452 - INFO - 扰动强度 epsilon = 0.350
2025-03-18 16:37:15,452 - INFO - 真实样本识别准确率: 9899/10000 (98.99%)
2025-03-18 16:37:15,452 - INFO - 对抗样本识别准确率: 11/10000 (0.11%)
2025-03-18 16:37:15,452 - INFO - -----------------------------------------------------
2025-03-18 16:37:30,395 - INFO - -----------------------------------------------------
2025-03-18 16:37:30,395 - INFO - 扰动强度 epsilon = 0.400
2025-03-18 16:37:30,395 - INFO - 真实样本识别准确率: 9899/10000 (98.99%)
2025-03-18 16:37:30,395 - INFO - 对抗样本识别准确率: 9/10000 (0.09%)
2025-03-18 16:37:30,395 - INFO - -----------------------------------------------------
2025-03-18 16:37:31,107 - INFO - epsilon 变化 vs 识别准确率:
2025-03-18 16:37:31,107 - INFO - Epsilon=0.00, 干净样本准确率=98.99%, 对抗样本准确率=98.99%
2025-03-18 16:37:31,107 - INFO - Epsilon=0.05, 干净样本准确率=98.99%, 对抗样本准确率=93.05%
2025-03-18 16:37:31,107 - INFO - Epsilon=0.10, 干净样本准确率=98.99%, 对抗样本准确率=67.28%
2025-03-18 16:37:31,107 - INFO - Epsilon=0.15, 干净样本准确率=98.99%, 对抗样本准确率=24.93%
2025-03-18 16:37:31,107 - INFO - Epsilon=0.20, 干净样本准确率=98.99%, 对抗样本准确率=5.45%
2025-03-18 16:37:31,107 - INFO - Epsilon=0.25, 干净样本准确率=98.99%, 对抗样本准确率=1.08%
2025-03-18 16:37:31,108 - INFO - Epsilon=0.30, 干净样本准确率=98.99%, 对抗样本准确率=0.27%
2025-03-18 16:37:31,108 - INFO - Epsilon=0.35, 干净样本准确率=98.99%, 对抗样本准确率=0.11%
2025-03-18 16:37:31,108 - INFO - Epsilon=0.40, 干净样本准确率=98.99%, 对抗样本准确率=0.09%
